<?xml version="1.0" encoding="UTF-8"?>
<!-- Generated by org.testng.reporters.JUnitReportReporter -->
<testsuite skipped="0" hostname="IBM195-PC09E4R8" name="com.training.sanity.tests.ELTC_077Test" tests="4" failures="0" timestamp="13 Jan 2019 11:56:12 GMT" time="89.379" errors="0">
  <testcase name="loginDBTest" time="20.782" classname="com.training.sanity.tests.ELTC_077Test"/>
  <testcase name="loginDBTest" time="23.589" classname="com.training.sanity.tests.ELTC_077Test"/>
  <testcase name="loginDBTest" time="23.912" classname="com.training.sanity.tests.ELTC_077Test"/>
  <testcase name="loginDBTest" time="21.096" classname="com.training.sanity.tests.ELTC_077Test"/>
</testsuite> <!-- com.training.sanity.tests.ELTC_077Test -->
