<?xml version="1.0" encoding="UTF-8"?>
<!-- Generated by org.testng.reporters.JUnitReportReporter -->
<testsuite skipped="0" hostname="IBM195-PC09E4R8" name="com.training.sanity.tests.ELTC_050" tests="3" failures="0" timestamp="31 Dec 2018 11:31:08 GMT" time="62.292" errors="0">
  <testcase name="validLoginTest" time="7.451" classname="com.training.sanity.tests.ELTC_050"/>
  <testcase name="addnewuserTest" time="21.718" classname="com.training.sanity.tests.ELTC_050"/>
  <testcase name="AddingUserTest" time="33.123" classname="com.training.sanity.tests.ELTC_050"/>
</testsuite> <!-- com.training.sanity.tests.ELTC_050 -->
