<?xml version="1.0" encoding="UTF-8"?>
<!-- Generated by org.testng.reporters.JUnitReportReporter -->
<testsuite skipped="0" hostname="IBM195-PC09E4R8" name="com.training.sanity.tests.ELTC_017" tests="1" failures="0" timestamp="22 Dec 2018 06:54:57 GMT" time="18.611" errors="0">
  <testcase name="validLoginTest" time="18.611" classname="com.training.sanity.tests.ELTC_017"/>
</testsuite> <!-- com.training.sanity.tests.ELTC_017 -->
