<?xml version="1.0" encoding="UTF-8"?>
<!-- Generated by org.testng.reporters.JUnitReportReporter -->
<testsuite skipped="0" hostname="IBM195-PC09E4R8" name="com.training.sanity.tests.ELTC_047" tests="3" failures="0" timestamp="31 Dec 2018 12:03:31 GMT" time="57.259" errors="0">
  <testcase name="validLoginTest" time="7.987" classname="com.training.sanity.tests.ELTC_047"/>
  <testcase name="userlistTest" time="28.482" classname="com.training.sanity.tests.ELTC_047"/>
  <testcase name="createnewcourseTest" time="20.790" classname="com.training.sanity.tests.ELTC_047"/>
</testsuite> <!-- com.training.sanity.tests.ELTC_047 -->
