<?xml version="1.0" encoding="UTF-8"?>
<!-- Generated by org.testng.reporters.JUnitReportReporter -->
<testsuite skipped="0" hostname="IBM195-PC09E4R8" name="com.training.sanity.tests.ELTC_016" tests="2" failures="0" timestamp="22 Dec 2018 06:27:09 GMT" time="12.958" errors="0">
  <testcase name="validLoginTest" time="5.980" classname="com.training.sanity.tests.ELTC_016"/>
  <testcase name="validLogoutTest" time="6.978" classname="com.training.sanity.tests.ELTC_016"/>
</testsuite> <!-- com.training.sanity.tests.ELTC_016 -->
