<?xml version="1.0" encoding="UTF-8"?>
<!-- Generated by org.testng.reporters.JUnitReportReporter -->
<testsuite skipped="0" hostname="IBM195-PC09E4R8" name="com.training.sanity.tests.ELTC_20" tests="2" failures="0" timestamp="22 Dec 2018 05:57:04 GMT" time="41.832" errors="0">
  <testcase name="validLoginTest" time="7.477" classname="com.training.sanity.tests.ELTC_20"/>
  <testcase name="addnewuserTest" time="34.355" classname="com.training.sanity.tests.ELTC_20"/>
</testsuite> <!-- com.training.sanity.tests.ELTC_20 -->
