<?xml version="1.0" encoding="UTF-8"?>
<!-- Generated by org.testng.reporters.JUnitReportReporter -->
<testsuite skipped="0" hostname="IBM195-PC09E4R8" name="com.training.sanity.tests.ELTC_019" tests="2" failures="0" timestamp="22 Dec 2018 07:10:55 GMT" time="14.041" errors="0">
  <testcase name="validLoginTest" time="6.120" classname="com.training.sanity.tests.ELTC_019"/>
  <testcase name="userlistTest" time="7.921" classname="com.training.sanity.tests.ELTC_019"/>
</testsuite> <!-- com.training.sanity.tests.ELTC_019 -->
