<?xml version="1.0" encoding="UTF-8"?>
<!-- Generated by org.testng.reporters.JUnitReportReporter -->
<testsuite skipped="0" hostname="IBM195-PC09E4R8" name="com.training.sanity.tests.ChangePassword_ELTC_018" tests="1" failures="0" timestamp="21 Dec 2018 08:58:19 GMT" time="44.021" errors="0">
  <testcase name="validLoginTest" time="44.021" classname="com.training.sanity.tests.ChangePassword_ELTC_018"/>
</testsuite> <!-- com.training.sanity.tests.ChangePassword_ELTC_018 -->
