<?xml version="1.0" encoding="UTF-8"?>
<!-- Generated by org.testng.reporters.JUnitReportReporter -->
<testsuite skipped="0" hostname="IBM195-PC09E4R8" name="com.training.sanity.tests.ELTC_076Test" tests="4" failures="0" timestamp="13 Jan 2019 10:11:43 GMT" time="100.877" errors="0">
  <testcase name="loginDBTest" time="22.391" classname="com.training.sanity.tests.ELTC_076Test"/>
  <testcase name="loginDBTest" time="21.877" classname="com.training.sanity.tests.ELTC_076Test"/>
  <testcase name="loginDBTest" time="32.974" classname="com.training.sanity.tests.ELTC_076Test"/>
  <testcase name="loginDBTest" time="23.635" classname="com.training.sanity.tests.ELTC_076Test"/>
</testsuite> <!-- com.training.sanity.tests.ELTC_076Test -->
