<?xml version="1.0" encoding="UTF-8"?>
<!-- Generated by org.testng.reporters.JUnitReportReporter -->
<testsuite skipped="0" hostname="IBM195-PC09E4R8" name="com.training.sanity.tests.ELTC_078Test" tests="1" failures="0" timestamp="13 Jan 2019 16:33:51 GMT" time="18.310" errors="0">
  <testcase name="loginDBTest" time="18.310" classname="com.training.sanity.tests.ELTC_078Test"/>
</testsuite> <!-- com.training.sanity.tests.ELTC_078Test -->
