<?xml version="1.0" encoding="UTF-8"?>
<!-- Generated by org.testng.reporters.JUnitReportReporter -->
<testsuite skipped="0" hostname="IBM195-PC09E4R8" name="com.training.sanity.tests.ELTC_046" tests="3" failures="0" timestamp="31 Dec 2018 11:19:02 GMT" time="105.570" errors="0">
  <testcase name="validLoginTest" time="29.788" classname="com.training.sanity.tests.ELTC_046"/>
  <testcase name="teacherassigningroleTest" time="33.421" classname="com.training.sanity.tests.ELTC_046"/>
  <testcase name="studenttaskTest" time="42.361" classname="com.training.sanity.tests.ELTC_046"/>
</testsuite> <!-- com.training.sanity.tests.ELTC_046 -->
