<?xml version="1.0" encoding="UTF-8"?>
<!-- Generated by org.testng.reporters.JUnitReportReporter -->
<testsuite skipped="0" hostname="IBM195-PC09E4R8" name="com.training.sanity.tests.ELTC_016" tests="2" failures="0" timestamp="03 Jan 2019 05:55:11 GMT" time="14.944" errors="0">
  <testcase name="validLoginTest" time="6.802" classname="com.training.sanity.tests.ELTC_016"/>
  <testcase name="validLogoutTest" time="8.142" classname="com.training.sanity.tests.ELTC_016"/>
</testsuite> <!-- com.training.sanity.tests.ELTC_016 -->
