<?xml version="1.0" encoding="UTF-8"?>
<!-- Generated by org.testng.reporters.JUnitReportReporter -->
<testsuite skipped="0" hostname="IBM195-PC09E4R8" name="com.training.sanity.tests.ELTC_018" tests="2" failures="0" timestamp="22 Dec 2018 07:30:03 GMT" time="20.830" errors="0">
  <testcase name="validLoginTest" time="9.077" classname="com.training.sanity.tests.ELTC_018"/>
  <testcase name="changePasswordTest" time="11.753" classname="com.training.sanity.tests.ELTC_018"/>
</testsuite> <!-- com.training.sanity.tests.ELTC_018 -->
