<?xml version="1.0" encoding="UTF-8"?>
<!-- Generated by org.testng.reporters.JUnitReportReporter -->
<testsuite skipped="0" hostname="IBM195-PC09E4R8" name="com.training.sanity.tests.LoginTestsTC2" tests="1" failures="0" timestamp="19 Dec 2018 06:25:24 GMT" time="20.431" errors="0">
  <testcase name="validLoginTest" time="20.431" classname="com.training.sanity.tests.LoginTestsTC2"/>
</testsuite> <!-- com.training.sanity.tests.LoginTestsTC2 -->
