<?xml version="1.0" encoding="UTF-8"?>
<!-- Generated by org.testng.reporters.JUnitReportReporter -->
<testsuite skipped="0" hostname="IBM195-PC09E4R8" name="com.training.sanity.tests.LoginAndLogoutTeacherELTC16" tests="1" failures="0" timestamp="20 Dec 2018 14:19:34 GMT" time="36.977" errors="0">
  <testcase name="validLoginTest" time="36.977" classname="com.training.sanity.tests.LoginAndLogoutTeacherELTC16"/>
</testsuite> <!-- com.training.sanity.tests.LoginAndLogoutTeacherELTC16 -->
