<?xml version="1.0" encoding="UTF-8"?>
<!-- Generated by org.testng.reporters.JUnitReportReporter -->
<testsuite skipped="0" hostname="IBM195-PC09E4R8" name="com.training.sanity.tests.ELTC_050" tests="3" failures="0" timestamp="02 Jan 2019 06:21:03 GMT" time="51.019" errors="0">
  <testcase name="validLoginTest" time="8.622" classname="com.training.sanity.tests.ELTC_050"/>
  <testcase name="addnewuserTest" time="14.592" classname="com.training.sanity.tests.ELTC_050"/>
  <testcase name="AddingUserTest" time="27.805" classname="com.training.sanity.tests.ELTC_050"/>
</testsuite> <!-- com.training.sanity.tests.ELTC_050 -->
