<?xml version="1.0" encoding="UTF-8"?>
<!-- Generated by org.testng.reporters.JUnitReportReporter -->
<testsuite skipped="0" hostname="IBM195-PC09E4R8" name="com.training.sanity.tests.ELTC_048" tests="3" failures="0" timestamp="31 Dec 2018 12:43:33 GMT" time="72.590" errors="0">
  <testcase name="validLoginTest" time="11.308" classname="com.training.sanity.tests.ELTC_048"/>
  <testcase name="addnewuserTest" time="41.519" classname="com.training.sanity.tests.ELTC_048"/>
  <testcase name="AddingUserTest" time="19.763" classname="com.training.sanity.tests.ELTC_048"/>
</testsuite> <!-- com.training.sanity.tests.ELTC_048 -->
