<?xml version="1.0" encoding="UTF-8"?>
<!-- Generated by org.testng.reporters.JUnitReportReporter -->
<testsuite skipped="0" hostname="IBM195-PC09E4R8" name="com.training.sanity.tests.LoginAndLogoutTeacherTC1" tests="1" failures="0" timestamp="19 Dec 2018 06:04:58 GMT" time="21.484" errors="0">
  <testcase name="validLoginTest" time="21.484" classname="com.training.sanity.tests.LoginAndLogoutTeacherTC1"/>
</testsuite> <!-- com.training.sanity.tests.LoginAndLogoutTeacherTC1 -->
